2025-07-17 00:21:06 [INFO] Cliente WebSocket conectado
2025-07-17 00:21:07 [WARNING] Cliente WebSocket desconectado
2025-07-17 00:21:07 [INFO] Iniciando simulación con 10 autos y tráfico moderado
2025-07-17 00:21:07 [INFO] Simulación iniciada
2025-07-17 00:21:07 [INFO] Configuración actualizada: 10 autos, tráfico fluido
2025-07-17 00:21:07 [INFO] Configuración aplicada: 10 autos, tráfico fluido
2025-07-17 00:21:07 [INFO] Configuración actualizada: 10 autos, tráfico fluido
2025-07-17 00:21:07 [INFO] Configuración aplicada: 10 autos, tráfico fluido
2025-07-17 00:21:07 [INFO] Configuración actualizada: 10 autos, tráfico fluido
2025-07-17 00:21:07 [INFO] Configuración aplicada: 10 autos, tráfico fluido
2025-07-17 00:21:07 [INFO] Configuración actualizada: 10 autos, tráfico fluido
2025-07-17 00:21:07 [INFO] Configuración aplicada: 10 autos, tráfico fluido
2025-07-17 00:21:08 [INFO] Configuración actualizada: 10 autos, tráfico fluido
2025-07-17 00:21:08 [INFO] Configuración aplicada: 10 autos, tráfico fluido
2025-07-17 00:21:08 [INFO] Configuración actualizada: 10 autos, tráfico fluido
2025-07-17 00:21:08 [INFO] Configuración aplicada: 10 autos, tráfico fluido
2025-07-17 00:21:08 [INFO] Configuración actualizada: 10 autos, tráfico fluido
2025-07-17 00:21:08 [INFO] Configuración aplicada: 10 autos, tráfico fluido
2025-07-17 00:21:08 [INFO] Configuración actualizada: 10 autos, tráfico fluido
2025-07-17 00:21:08 [INFO] Configuración aplicada: 10 autos, tráfico fluido
2025-07-17 00:21:09 [INFO] Configuración actualizada: 10 autos, tráfico fluido
2025-07-17 00:21:09 [INFO] Configuración aplicada: 10 autos, tráfico fluido
2025-07-17 00:21:09 [INFO] Configuración actualizada: 10 autos, tráfico fluido
2025-07-17 00:21:09 [INFO] Configuración aplicada: 10 autos, tráfico fluido
2025-07-17 00:21:09 [INFO] Configuración actualizada: 10 autos, tráfico fluido
2025-07-17 00:21:09 [INFO] Configuración aplicada: 10 autos, tráfico fluido
2025-07-17 00:21:09 [INFO] Configuración actualizada: 10 autos, tráfico fluido
2025-07-17 00:21:09 [INFO] Configuración aplicada: 10 autos, tráfico fluido
2025-07-17 00:21:09 [INFO] Configuración actualizada: 10 autos, tráfico fluido
2025-07-17 00:21:09 [INFO] Configuración aplicada: 10 autos, tráfico fluido
2025-07-17 00:21:10 [INFO] Configuración actualizada: 10 autos, tráfico fluido
2025-07-17 00:21:10 [INFO] Configuración aplicada: 10 autos, tráfico fluido
2025-07-17 00:21:10 [INFO] Configuración actualizada: 10 autos, tráfico fluido
2025-07-17 00:21:10 [INFO] Configuración aplicada: 10 autos, tráfico fluido
2025-07-17 00:21:10 [INFO] Configuración actualizada: 10 autos, tráfico fluido
2025-07-17 00:21:10 [INFO] Configuración aplicada: 10 autos, tráfico fluido
2025-07-17 00:21:10 [INFO] Configuración actualizada: 10 autos, tráfico fluido
2025-07-17 00:21:10 [INFO] Configuración aplicada: 10 autos, tráfico fluido
2025-07-17 00:21:11 [INFO] Configuración actualizada: 10 autos, tráfico fluido
2025-07-17 00:21:11 [INFO] Configuración aplicada: 10 autos, tráfico fluido
2025-07-17 00:21:11 [INFO] Configuración actualizada: 10 autos, tráfico fluido
2025-07-17 00:21:11 [INFO] Configuración aplicada: 10 autos, tráfico fluido
2025-07-17 00:21:11 [INFO] Configuración actualizada: 10 autos, tráfico fluido
2025-07-17 00:21:11 [INFO] Configuración aplicada: 10 autos, tráfico fluido
2025-07-17 00:21:11 [INFO] Configuración actualizada: 10 autos, tráfico fluido
2025-07-17 00:21:11 [INFO] Configuración aplicada: 10 autos, tráfico fluido
2025-07-17 00:21:11 [INFO] Configuración actualizada: 10 autos, tráfico fluido
2025-07-17 00:21:11 [INFO] Configuración aplicada: 10 autos, tráfico fluido
2025-07-17 00:21:12 [INFO] Configuración actualizada: 10 autos, tráfico fluido
2025-07-17 00:21:12 [INFO] Configuración aplicada: 10 autos, tráfico fluido
2025-07-17 00:21:12 [INFO] Configuración actualizada: 10 autos, tráfico fluido
2025-07-17 00:21:12 [INFO] Configuración aplicada: 10 autos, tráfico fluido
2025-07-17 00:21:12 [INFO] Configuración actualizada: 10 autos, tráfico fluido
2025-07-17 00:21:12 [INFO] Configuración aplicada: 10 autos, tráfico fluido
2025-07-17 00:21:12 [INFO] Configuración actualizada: 10 autos, tráfico fluido
2025-07-17 00:21:12 [INFO] Configuración aplicada: 10 autos, tráfico fluido
2025-07-17 00:21:13 [INFO] Configuración actualizada: 10 autos, tráfico fluido
2025-07-17 00:21:13 [INFO] Configuración aplicada: 10 autos, tráfico fluido
2025-07-17 00:21:13 [INFO] Configuración actualizada: 10 autos, tráfico fluido
2025-07-17 00:21:13 [INFO] Configuración aplicada: 10 autos, tráfico fluido
2025-07-17 00:21:13 [INFO] Configuración actualizada: 10 autos, tráfico fluido
2025-07-17 00:21:13 [INFO] Configuración aplicada: 10 autos, tráfico fluido
2025-07-17 00:21:13 [INFO] Configuración actualizada: 10 autos, tráfico fluido
2025-07-17 00:21:13 [INFO] Configuración aplicada: 10 autos, tráfico fluido
2025-07-17 00:21:13 [INFO] Configuración actualizada: 10 autos, tráfico fluido
2025-07-17 00:21:13 [INFO] Configuración aplicada: 10 autos, tráfico fluido
2025-07-17 00:21:14 [INFO] Configuración actualizada: 10 autos, tráfico fluido
2025-07-17 00:21:14 [INFO] Configuración aplicada: 10 autos, tráfico fluido
2025-07-17 00:21:14 [INFO] Configuración actualizada: 10 autos, tráfico fluido
2025-07-17 00:21:14 [INFO] Configuración aplicada: 10 autos, tráfico fluido
2025-07-17 00:21:14 [INFO] Configuración actualizada: 10 autos, tráfico fluido
2025-07-17 00:21:14 [INFO] Configuración aplicada: 10 autos, tráfico fluido
2025-07-17 00:21:14 [INFO] Configuración actualizada: 10 autos, tráfico fluido
2025-07-17 00:21:14 [INFO] Configuración aplicada: 10 autos, tráfico fluido
2025-07-17 00:21:15 [INFO] Configuración actualizada: 10 autos, tráfico fluido
2025-07-17 00:21:15 [INFO] Configuración aplicada: 10 autos, tráfico fluido
2025-07-17 00:21:15 [INFO] Configuración actualizada: 10 autos, tráfico fluido
2025-07-17 00:21:15 [INFO] Configuración aplicada: 10 autos, tráfico fluido
2025-07-17 00:21:15 [INFO] Configuración actualizada: 10 autos, tráfico fluido
2025-07-17 00:21:15 [INFO] Configuración aplicada: 10 autos, tráfico fluido
2025-07-17 00:21:15 [INFO] Configuración actualizada: 10 autos, tráfico fluido
2025-07-17 00:21:15 [INFO] Configuración aplicada: 10 autos, tráfico fluido
2025-07-17 00:21:15 [INFO] Configuración actualizada: 10 autos, tráfico fluido
2025-07-17 00:21:15 [INFO] Configuración aplicada: 10 autos, tráfico fluido
2025-07-17 00:21:16 [INFO] Configuración actualizada: 10 autos, tráfico fluido
2025-07-17 00:21:16 [INFO] Configuración aplicada: 10 autos, tráfico fluido
2025-07-17 00:21:16 [INFO] Configuración actualizada: 10 autos, tráfico fluido
2025-07-17 00:21:16 [INFO] Configuración aplicada: 10 autos, tráfico fluido
2025-07-17 00:21:16 [INFO] Configuración actualizada: 10 autos, tráfico fluido
2025-07-17 00:21:16 [INFO] Configuración aplicada: 10 autos, tráfico fluido
2025-07-17 00:21:16 [INFO] Configuración actualizada: 10 autos, tráfico fluido
2025-07-17 00:21:16 [INFO] Configuración aplicada: 10 autos, tráfico fluido
2025-07-17 00:21:17 [INFO] Configuración actualizada: 10 autos, tráfico fluido
2025-07-17 00:21:17 [INFO] Configuración aplicada: 10 autos, tráfico fluido
2025-07-17 00:21:17 [INFO] Configuración actualizada: 10 autos, tráfico fluido
2025-07-17 00:21:17 [INFO] Configuración aplicada: 10 autos, tráfico fluido
2025-07-17 00:21:17 [INFO] Configuración actualizada: 10 autos, tráfico fluido
2025-07-17 00:21:17 [INFO] Configuración aplicada: 10 autos, tráfico fluido
2025-07-17 00:21:17 [INFO] Configuración actualizada: 10 autos, tráfico fluido
2025-07-17 00:21:17 [INFO] Configuración aplicada: 10 autos, tráfico fluido
2025-07-17 00:21:17 [INFO] Configuración actualizada: 10 autos, tráfico fluido
2025-07-17 00:21:17 [INFO] Configuración aplicada: 10 autos, tráfico fluido
2025-07-17 00:21:18 [INFO] Configuración actualizada: 10 autos, tráfico fluido
2025-07-17 00:21:18 [INFO] Configuración aplicada: 10 autos, tráfico fluido
2025-07-17 00:21:18 [INFO] Configuración actualizada: 10 autos, tráfico fluido
2025-07-17 00:21:18 [INFO] Configuración aplicada: 10 autos, tráfico fluido
2025-07-17 00:21:18 [INFO] Configuración actualizada: 10 autos, tráfico fluido
2025-07-17 00:21:18 [INFO] Configuración aplicada: 10 autos, tráfico fluido
2025-07-17 00:21:18 [INFO] Configuración actualizada: 10 autos, tráfico fluido
2025-07-17 00:21:18 [INFO] Configuración aplicada: 10 autos, tráfico fluido
2025-07-17 00:21:19 [INFO] Configuración actualizada: 10 autos, tráfico fluido
2025-07-17 00:21:19 [INFO] Configuración aplicada: 10 autos, tráfico fluido
2025-07-17 00:21:19 [INFO] Configuración actualizada: 10 autos, tráfico fluido
2025-07-17 00:21:19 [INFO] Configuración aplicada: 10 autos, tráfico fluido
2025-07-17 00:21:19 [INFO] Configuración actualizada: 10 autos, tráfico fluido
2025-07-17 00:21:19 [INFO] Configuración aplicada: 10 autos, tráfico fluido
2025-07-17 00:21:19 [INFO] Configuración actualizada: 10 autos, tráfico fluido
2025-07-17 00:21:19 [INFO] Configuración aplicada: 10 autos, tráfico fluido
2025-07-17 00:21:19 [INFO] Configuración actualizada: 10 autos, tráfico fluido
2025-07-17 00:21:19 [INFO] Configuración aplicada: 10 autos, tráfico fluido
2025-07-17 00:21:20 [INFO] Configuración actualizada: 10 autos, tráfico fluido
2025-07-17 00:21:20 [INFO] Configuración aplicada: 10 autos, tráfico fluido
2025-07-17 00:21:20 [INFO] Configuración actualizada: 10 autos, tráfico fluido
2025-07-17 00:21:20 [INFO] Configuración aplicada: 10 autos, tráfico fluido
2025-07-17 00:21:20 [INFO] Configuración actualizada: 10 autos, tráfico fluido
2025-07-17 00:21:20 [INFO] Configuración aplicada: 10 autos, tráfico fluido
2025-07-17 00:21:20 [INFO] Configuración actualizada: 10 autos, tráfico fluido
2025-07-17 00:21:20 [INFO] Configuración aplicada: 10 autos, tráfico fluido
2025-07-17 00:21:21 [INFO] Configuración actualizada: 10 autos, tráfico fluido
2025-07-17 00:21:21 [INFO] Configuración aplicada: 10 autos, tráfico fluido
2025-07-17 00:21:21 [INFO] Configuración actualizada: 10 autos, tráfico fluido
2025-07-17 00:21:21 [INFO] Configuración aplicada: 10 autos, tráfico fluido
2025-07-17 00:21:21 [INFO] Configuración actualizada: 10 autos, tráfico fluido
2025-07-17 00:21:21 [INFO] Configuración aplicada: 10 autos, tráfico fluido
2025-07-17 00:21:21 [INFO] Configuración actualizada: 10 autos, tráfico fluido
2025-07-17 00:21:21 [INFO] Configuración aplicada: 10 autos, tráfico fluido
2025-07-17 00:21:21 [INFO] Configuración actualizada: 10 autos, tráfico fluido
2025-07-17 00:21:21 [INFO] Configuración aplicada: 10 autos, tráfico fluido
2025-07-17 00:21:22 [INFO] Configuración actualizada: 10 autos, tráfico fluido
2025-07-17 00:21:22 [INFO] Configuración aplicada: 10 autos, tráfico fluido
2025-07-17 00:21:22 [INFO] Configuración actualizada: 10 autos, tráfico fluido
2025-07-17 00:21:22 [INFO] Configuración aplicada: 10 autos, tráfico fluido
2025-07-17 00:21:22 [INFO] Configuración actualizada: 10 autos, tráfico fluido
2025-07-17 00:21:22 [INFO] Configuración aplicada: 10 autos, tráfico fluido
2025-07-17 00:21:22 [INFO] Configuración actualizada: 10 autos, tráfico fluido
2025-07-17 00:21:22 [INFO] Configuración aplicada: 10 autos, tráfico fluido
2025-07-17 00:21:23 [INFO] Configuración actualizada: 10 autos, tráfico fluido
2025-07-17 00:21:23 [INFO] Configuración aplicada: 10 autos, tráfico fluido
2025-07-17 00:21:23 [INFO] Configuración actualizada: 10 autos, tráfico fluido
2025-07-17 00:21:23 [INFO] Configuración aplicada: 10 autos, tráfico fluido
2025-07-17 00:21:23 [INFO] Configuración actualizada: 10 autos, tráfico fluido
2025-07-17 00:21:23 [INFO] Configuración aplicada: 10 autos, tráfico fluido
2025-07-17 00:21:23 [INFO] Configuración actualizada: 10 autos, tráfico fluido
2025-07-17 00:21:23 [INFO] Configuración aplicada: 10 autos, tráfico fluido
2025-07-17 00:21:24 [INFO] Configuración actualizada: 10 autos, tráfico fluido
2025-07-17 00:21:24 [INFO] Configuración aplicada: 10 autos, tráfico fluido
2025-07-17 00:21:24 [INFO] Configuración actualizada: 10 autos, tráfico fluido
2025-07-17 00:21:24 [INFO] Configuración aplicada: 10 autos, tráfico fluido
2025-07-17 00:21:24 [INFO] Configuración actualizada: 10 autos, tráfico fluido
2025-07-17 00:21:24 [INFO] Configuración aplicada: 10 autos, tráfico fluido
2025-07-17 00:21:24 [INFO] Configuración actualizada: 10 autos, tráfico fluido
2025-07-17 00:21:24 [INFO] Configuración aplicada: 10 autos, tráfico fluido
2025-07-17 00:21:25 [INFO] Configuración actualizada: 10 autos, tráfico fluido
2025-07-17 00:21:25 [INFO] Configuración aplicada: 10 autos, tráfico fluido
2025-07-17 00:21:25 [INFO] Configuración actualizada: 10 autos, tráfico fluido
2025-07-17 00:21:25 [INFO] Configuración aplicada: 10 autos, tráfico fluido
2025-07-17 00:21:25 [INFO] Configuración actualizada: 10 autos, tráfico fluido
2025-07-17 00:21:25 [INFO] Configuración aplicada: 10 autos, tráfico fluido
2025-07-17 00:21:25 [INFO] Configuración actualizada: 10 autos, tráfico fluido
2025-07-17 00:21:25 [INFO] Configuración aplicada: 10 autos, tráfico fluido
2025-07-17 00:21:26 [INFO] Configuración actualizada: 10 autos, tráfico fluido
2025-07-17 00:21:26 [INFO] Configuración aplicada: 10 autos, tráfico fluido
2025-07-17 00:21:26 [INFO] Configuración actualizada: 10 autos, tráfico fluido
2025-07-17 00:21:26 [INFO] Configuración aplicada: 10 autos, tráfico fluido
2025-07-17 00:21:26 [INFO] Configuración actualizada: 10 autos, tráfico fluido
2025-07-17 00:21:26 [INFO] Configuración aplicada: 10 autos, tráfico fluido
2025-07-17 00:21:26 [INFO] Configuración actualizada: 10 autos, tráfico fluido
2025-07-17 00:21:26 [INFO] Configuración aplicada: 10 autos, tráfico fluido
2025-07-17 00:25:27 [INFO] Cliente WebSocket conectado
2025-07-17 00:25:28 [INFO] Iniciando simulación con 10 autos y tráfico moderado
2025-07-17 00:25:28 [INFO] Simulación iniciada
2025-07-17 00:25:28 [INFO] Configuración actualizada: 10 autos, tráfico fluido
2025-07-17 00:25:28 [INFO] Configuración aplicada: 10 autos, tráfico fluido
2025-07-17 00:25:28 [WARNING] Cliente WebSocket desconectado
2025-07-17 00:25:28 [INFO] Configuración actualizada: 10 autos, tráfico fluido
2025-07-17 00:25:28 [INFO] Configuración aplicada: 10 autos, tráfico fluido
2025-07-17 00:25:28 [INFO] Configuración actualizada: 10 autos, tráfico fluido
2025-07-17 00:25:28 [INFO] Configuración aplicada: 10 autos, tráfico fluido
2025-07-17 00:25:28 [INFO] Cliente WebSocket conectado
2025-07-17 00:25:28 [WARNING] Cliente WebSocket desconectado
2025-07-17 00:25:28 [INFO] Configuración actualizada: 10 autos, tráfico fluido
2025-07-17 00:25:28 [INFO] Configuración aplicada: 10 autos, tráfico fluido
2025-07-17 00:25:29 [INFO] Configuración actualizada: 10 autos, tráfico fluido
2025-07-17 00:25:29 [INFO] Configuración aplicada: 10 autos, tráfico fluido
2025-07-17 00:25:29 [INFO] Configuración actualizada: 10 autos, tráfico fluido
2025-07-17 00:25:29 [INFO] Configuración aplicada: 10 autos, tráfico fluido
2025-07-17 00:25:29 [INFO] Configuración actualizada: 10 autos, tráfico fluido
2025-07-17 00:25:29 [INFO] Configuración aplicada: 10 autos, tráfico fluido
2025-07-17 00:25:29 [INFO] Configuración actualizada: 10 autos, tráfico fluido
2025-07-17 00:25:29 [INFO] Configuración aplicada: 10 autos, tráfico fluido
2025-07-17 00:25:30 [INFO] Configuración actualizada: 10 autos, tráfico fluido
2025-07-17 00:25:30 [INFO] Configuración aplicada: 10 autos, tráfico fluido
2025-07-17 00:25:30 [INFO] Configuración actualizada: 10 autos, tráfico fluido
2025-07-17 00:25:30 [INFO] Configuración aplicada: 10 autos, tráfico fluido
2025-07-17 00:25:30 [INFO] Configuración actualizada: 10 autos, tráfico fluido
2025-07-17 00:25:30 [INFO] Configuración aplicada: 10 autos, tráfico fluido
2025-07-17 00:25:30 [INFO] Configuración actualizada: 10 autos, tráfico fluido
2025-07-17 00:25:30 [INFO] Configuración aplicada: 10 autos, tráfico fluido
2025-07-17 00:25:30 [INFO] Configuración actualizada: 10 autos, tráfico fluido
2025-07-17 00:25:30 [INFO] Configuración aplicada: 10 autos, tráfico fluido
2025-07-17 00:25:31 [INFO] Configuración actualizada: 10 autos, tráfico fluido
2025-07-17 00:25:31 [INFO] Configuración aplicada: 10 autos, tráfico fluido
2025-07-17 00:25:31 [INFO] Configuración actualizada: 10 autos, tráfico fluido
2025-07-17 00:25:31 [INFO] Configuración aplicada: 10 autos, tráfico fluido
2025-07-17 00:25:31 [INFO] Configuración actualizada: 10 autos, tráfico fluido
2025-07-17 00:25:31 [INFO] Configuración aplicada: 10 autos, tráfico fluido
2025-07-17 00:25:31 [INFO] Configuración actualizada: 10 autos, tráfico fluido
2025-07-17 00:25:31 [INFO] Configuración aplicada: 10 autos, tráfico fluido
2025-07-17 00:25:32 [INFO] Configuración actualizada: 10 autos, tráfico fluido
2025-07-17 00:25:32 [INFO] Configuración aplicada: 10 autos, tráfico fluido
2025-07-17 00:25:32 [INFO] Configuración actualizada: 10 autos, tráfico fluido
2025-07-17 00:25:32 [INFO] Configuración aplicada: 10 autos, tráfico fluido
2025-07-17 00:25:32 [INFO] Configuración actualizada: 10 autos, tráfico fluido
2025-07-17 00:25:32 [INFO] Configuración aplicada: 10 autos, tráfico fluido
2025-07-17 00:25:32 [INFO] Configuración actualizada: 10 autos, tráfico fluido
2025-07-17 00:25:32 [INFO] Configuración aplicada: 10 autos, tráfico fluido
2025-07-17 00:25:32 [INFO] Configuración actualizada: 10 autos, tráfico fluido
2025-07-17 00:25:32 [INFO] Configuración aplicada: 10 autos, tráfico fluido
2025-07-17 00:25:33 [INFO] Configuración actualizada: 10 autos, tráfico fluido
2025-07-17 00:25:33 [INFO] Configuración aplicada: 10 autos, tráfico fluido
2025-07-17 00:25:33 [INFO] Configuración actualizada: 10 autos, tráfico fluido
2025-07-17 00:25:33 [INFO] Configuración aplicada: 10 autos, tráfico fluido
2025-07-17 00:25:33 [INFO] Configuración actualizada: 10 autos, tráfico fluido
2025-07-17 00:25:33 [INFO] Configuración aplicada: 10 autos, tráfico fluido
2025-07-17 00:25:33 [INFO] Configuración actualizada: 10 autos, tráfico fluido
2025-07-17 00:25:33 [INFO] Configuración aplicada: 10 autos, tráfico fluido
2025-07-17 00:25:34 [INFO] Configuración actualizada: 10 autos, tráfico fluido
2025-07-17 00:25:34 [INFO] Configuración aplicada: 10 autos, tráfico fluido
2025-07-17 00:25:34 [INFO] Configuración actualizada: 10 autos, tráfico fluido
2025-07-17 00:25:34 [INFO] Configuración aplicada: 10 autos, tráfico fluido
2025-07-17 00:25:34 [INFO] Configuración actualizada: 10 autos, tráfico fluido
2025-07-17 00:25:34 [INFO] Configuración aplicada: 10 autos, tráfico fluido
2025-07-17 00:25:34 [INFO] Configuración actualizada: 10 autos, tráfico fluido
2025-07-17 00:25:34 [INFO] Configuración aplicada: 10 autos, tráfico fluido
2025-07-17 00:25:35 [INFO] Configuración actualizada: 10 autos, tráfico fluido
2025-07-17 00:25:35 [INFO] Configuración aplicada: 10 autos, tráfico fluido
2025-07-17 00:25:35 [INFO] Configuración actualizada: 10 autos, tráfico fluido
2025-07-17 00:25:35 [INFO] Configuración aplicada: 10 autos, tráfico fluido
2025-07-17 00:25:35 [INFO] Configuración actualizada: 10 autos, tráfico fluido
2025-07-17 00:25:35 [INFO] Configuración aplicada: 10 autos, tráfico fluido
2025-07-17 00:25:35 [INFO] Configuración actualizada: 10 autos, tráfico fluido
2025-07-17 00:25:35 [INFO] Configuración aplicada: 10 autos, tráfico fluido
2025-07-17 00:25:35 [INFO] Configuración actualizada: 10 autos, tráfico fluido
2025-07-17 00:25:35 [INFO] Configuración aplicada: 10 autos, tráfico fluido
2025-07-17 00:25:36 [INFO] Configuración actualizada: 10 autos, tráfico fluido
2025-07-17 00:25:36 [INFO] Configuración aplicada: 10 autos, tráfico fluido
2025-07-17 00:25:36 [INFO] Configuración actualizada: 10 autos, tráfico fluido
2025-07-17 00:25:36 [INFO] Configuración aplicada: 10 autos, tráfico fluido
2025-07-17 00:25:36 [INFO] Configuración actualizada: 10 autos, tráfico fluido
2025-07-17 00:25:36 [INFO] Configuración aplicada: 10 autos, tráfico fluido
2025-07-17 00:25:36 [INFO] Configuración actualizada: 10 autos, tráfico fluido
2025-07-17 00:25:36 [INFO] Configuración aplicada: 10 autos, tráfico fluido
2025-07-17 00:25:37 [INFO] Configuración actualizada: 10 autos, tráfico fluido
2025-07-17 00:25:37 [INFO] Configuración aplicada: 10 autos, tráfico fluido
2025-07-17 00:25:37 [INFO] Configuración actualizada: 10 autos, tráfico fluido
2025-07-17 00:25:37 [INFO] Configuración aplicada: 10 autos, tráfico fluido
2025-07-17 00:25:37 [INFO] Configuración actualizada: 10 autos, tráfico fluido
2025-07-17 00:25:37 [INFO] Configuración aplicada: 10 autos, tráfico fluido
2025-07-17 00:25:37 [INFO] Configuración actualizada: 10 autos, tráfico fluido
2025-07-17 00:25:37 [INFO] Configuración aplicada: 10 autos, tráfico fluido
2025-07-17 00:25:38 [INFO] Configuración actualizada: 10 autos, tráfico fluido
2025-07-17 00:25:38 [INFO] Configuración aplicada: 10 autos, tráfico fluido
2025-07-17 00:25:38 [INFO] Configuración actualizada: 10 autos, tráfico fluido
2025-07-17 00:25:38 [INFO] Configuración aplicada: 10 autos, tráfico fluido
2025-07-17 00:26:00 [INFO] Cliente WebSocket conectado
2025-07-17 00:26:00 [INFO] Iniciando simulación con 10 autos y tráfico moderado
2025-07-17 00:26:00 [INFO] Simulación iniciada
2025-07-17 00:26:00 [INFO] Configuración actualizada: 10 autos, tráfico moderado
2025-07-17 00:26:00 [INFO] Configuración aplicada: 10 autos, tráfico moderado
2025-07-17 00:26:00 [WARNING] Cliente WebSocket desconectado
2025-07-17 00:26:00 [INFO] Configuración actualizada: 10 autos, tráfico moderado
2025-07-17 00:26:00 [INFO] Configuración aplicada: 10 autos, tráfico moderado
2025-07-17 00:26:01 [INFO] Configuración actualizada: 10 autos, tráfico moderado
2025-07-17 00:26:01 [INFO] Configuración aplicada: 10 autos, tráfico moderado
2025-07-17 00:26:01 [INFO] Configuración actualizada: 10 autos, tráfico moderado
2025-07-17 00:26:01 [INFO] Configuración aplicada: 10 autos, tráfico moderado
2025-07-17 00:26:01 [INFO] Configuración actualizada: 10 autos, tráfico moderado
2025-07-17 00:26:01 [INFO] Configuración aplicada: 10 autos, tráfico moderado
2025-07-17 00:26:01 [INFO] Configuración actualizada: 10 autos, tráfico moderado
2025-07-17 00:26:01 [INFO] Configuración aplicada: 10 autos, tráfico moderado
2025-07-17 00:26:02 [INFO] Configuración actualizada: 10 autos, tráfico moderado
2025-07-17 00:26:02 [INFO] Configuración aplicada: 10 autos, tráfico moderado
2025-07-17 00:26:02 [INFO] Configuración actualizada: 10 autos, tráfico moderado
2025-07-17 00:26:02 [INFO] Configuración aplicada: 10 autos, tráfico moderado
2025-07-17 00:26:02 [INFO] Configuración actualizada: 10 autos, tráfico moderado
2025-07-17 00:26:02 [INFO] Configuración aplicada: 10 autos, tráfico moderado
2025-07-17 00:26:02 [INFO] Configuración actualizada: 10 autos, tráfico moderado
2025-07-17 00:26:02 [INFO] Configuración aplicada: 10 autos, tráfico moderado
2025-07-17 00:26:02 [INFO] Configuración actualizada: 10 autos, tráfico moderado
2025-07-17 00:26:02 [INFO] Configuración aplicada: 10 autos, tráfico moderado
2025-07-17 00:26:03 [INFO] Configuración actualizada: 10 autos, tráfico moderado
2025-07-17 00:26:03 [INFO] Configuración aplicada: 10 autos, tráfico moderado
2025-07-17 00:26:03 [INFO] Configuración actualizada: 10 autos, tráfico moderado
2025-07-17 00:26:03 [INFO] Configuración aplicada: 10 autos, tráfico moderado
2025-07-17 00:26:03 [INFO] Configuración actualizada: 10 autos, tráfico moderado
2025-07-17 00:26:03 [INFO] Configuración aplicada: 10 autos, tráfico moderado
2025-07-17 00:26:03 [INFO] Configuración actualizada: 10 autos, tráfico moderado
2025-07-17 00:26:03 [INFO] Configuración aplicada: 10 autos, tráfico moderado
2025-07-17 00:26:04 [INFO] Configuración actualizada: 10 autos, tráfico moderado
2025-07-17 00:26:04 [INFO] Configuración aplicada: 10 autos, tráfico moderado
2025-07-17 00:26:04 [INFO] Configuración actualizada: 10 autos, tráfico moderado
2025-07-17 00:26:04 [INFO] Configuración aplicada: 10 autos, tráfico moderado
2025-07-17 00:26:04 [INFO] Configuración actualizada: 10 autos, tráfico moderado
2025-07-17 00:26:04 [INFO] Configuración aplicada: 10 autos, tráfico moderado
2025-07-17 00:26:04 [INFO] Configuración actualizada: 10 autos, tráfico moderado
2025-07-17 00:26:04 [INFO] Configuración aplicada: 10 autos, tráfico moderado
2025-07-17 00:26:04 [INFO] Configuración actualizada: 10 autos, tráfico moderado
2025-07-17 00:26:04 [INFO] Configuración aplicada: 10 autos, tráfico moderado
2025-07-17 00:26:05 [INFO] Configuración actualizada: 10 autos, tráfico moderado
2025-07-17 00:26:05 [INFO] Configuración aplicada: 10 autos, tráfico moderado
2025-07-17 00:26:05 [INFO] Configuración actualizada: 10 autos, tráfico moderado
2025-07-17 00:26:05 [INFO] Configuración aplicada: 10 autos, tráfico moderado
2025-07-17 00:26:05 [INFO] Configuración actualizada: 10 autos, tráfico moderado
2025-07-17 00:26:05 [INFO] Configuración aplicada: 10 autos, tráfico moderado
2025-07-17 00:26:05 [INFO] Configuración actualizada: 10 autos, tráfico moderado
2025-07-17 00:26:05 [INFO] Configuración aplicada: 10 autos, tráfico moderado
2025-07-17 00:26:06 [INFO] Configuración actualizada: 10 autos, tráfico moderado
2025-07-17 00:26:06 [INFO] Configuración aplicada: 10 autos, tráfico moderado
2025-07-17 00:26:06 [INFO] Configuración actualizada: 10 autos, tráfico moderado
2025-07-17 00:26:06 [INFO] Configuración aplicada: 10 autos, tráfico moderado
2025-07-17 00:26:06 [INFO] Configuración actualizada: 10 autos, tráfico moderado
2025-07-17 00:26:06 [INFO] Configuración aplicada: 10 autos, tráfico moderado
2025-07-17 00:26:06 [INFO] Configuración actualizada: 10 autos, tráfico moderado
2025-07-17 00:26:06 [INFO] Configuración aplicada: 10 autos, tráfico moderado
2025-07-17 00:26:06 [INFO] Configuración actualizada: 10 autos, tráfico moderado
2025-07-17 00:26:06 [INFO] Configuración aplicada: 10 autos, tráfico moderado
2025-07-17 00:26:07 [INFO] Configuración actualizada: 10 autos, tráfico moderado
2025-07-17 00:26:07 [INFO] Configuración aplicada: 10 autos, tráfico moderado
2025-07-17 00:26:07 [INFO] Configuración actualizada: 10 autos, tráfico moderado
2025-07-17 00:26:07 [INFO] Configuración aplicada: 10 autos, tráfico moderado
2025-07-17 00:26:07 [INFO] Configuración actualizada: 10 autos, tráfico moderado
2025-07-17 00:26:07 [INFO] Configuración aplicada: 10 autos, tráfico moderado
2025-07-17 00:26:07 [INFO] Configuración actualizada: 10 autos, tráfico moderado
2025-07-17 00:26:07 [INFO] Configuración aplicada: 10 autos, tráfico moderado
2025-07-17 00:26:08 [INFO] Configuración actualizada: 10 autos, tráfico moderado
2025-07-17 00:26:08 [INFO] Configuración aplicada: 10 autos, tráfico moderado
2025-07-17 00:26:08 [INFO] Configuración actualizada: 10 autos, tráfico moderado
2025-07-17 00:26:08 [INFO] Configuración aplicada: 10 autos, tráfico moderado
2025-07-17 00:26:08 [INFO] Configuración actualizada: 10 autos, tráfico moderado
2025-07-17 00:26:08 [INFO] Configuración aplicada: 10 autos, tráfico moderado
2025-07-17 00:26:08 [INFO] Configuración actualizada: 10 autos, tráfico moderado
2025-07-17 00:26:08 [INFO] Configuración aplicada: 10 autos, tráfico moderado
2025-07-17 00:26:08 [INFO] Configuración actualizada: 10 autos, tráfico moderado
2025-07-17 00:26:08 [INFO] Configuración aplicada: 10 autos, tráfico moderado
2025-07-17 00:26:09 [INFO] Configuración actualizada: 10 autos, tráfico moderado
2025-07-17 00:26:09 [INFO] Configuración aplicada: 10 autos, tráfico moderado
2025-07-17 00:26:09 [INFO] Configuración actualizada: 10 autos, tráfico moderado
2025-07-17 00:26:09 [INFO] Configuración aplicada: 10 autos, tráfico moderado
2025-07-17 00:26:09 [INFO] Configuración actualizada: 10 autos, tráfico moderado
2025-07-17 00:26:09 [INFO] Configuración aplicada: 10 autos, tráfico moderado
2025-07-17 00:26:09 [INFO] Configuración actualizada: 10 autos, tráfico moderado
2025-07-17 00:26:09 [INFO] Configuración aplicada: 10 autos, tráfico moderado
2025-07-17 00:26:10 [INFO] Configuración actualizada: 10 autos, tráfico moderado
2025-07-17 00:26:10 [INFO] Configuración aplicada: 10 autos, tráfico moderado
2025-07-17 00:26:10 [INFO] Configuración actualizada: 10 autos, tráfico moderado
2025-07-17 00:26:10 [INFO] Configuración aplicada: 10 autos, tráfico moderado
2025-07-17 00:26:10 [INFO] Configuración actualizada: 10 autos, tráfico moderado
2025-07-17 00:26:10 [INFO] Configuración aplicada: 10 autos, tráfico moderado
2025-07-17 00:26:10 [INFO] Configuración actualizada: 10 autos, tráfico moderado
2025-07-17 00:26:10 [INFO] Configuración aplicada: 10 autos, tráfico moderado
2025-07-17 00:26:11 [INFO] Configuración actualizada: 10 autos, tráfico moderado
2025-07-17 00:26:11 [INFO] Configuración aplicada: 10 autos, tráfico moderado
2025-07-17 00:26:11 [INFO] Configuración actualizada: 10 autos, tráfico moderado
2025-07-17 00:26:11 [INFO] Configuración aplicada: 10 autos, tráfico moderado
2025-07-17 00:26:11 [INFO] Configuración actualizada: 10 autos, tráfico moderado
2025-07-17 00:26:11 [INFO] Configuración aplicada: 10 autos, tráfico moderado
2025-07-17 00:26:11 [INFO] Configuración actualizada: 10 autos, tráfico moderado
2025-07-17 00:26:11 [INFO] Configuración aplicada: 10 autos, tráfico moderado
2025-07-17 01:17:13 [INFO] Iniciando simulación con 10 autos y tráfico moderado
2025-07-17 01:17:13 [INFO] Configuración actualizada: 10 autos, tráfico fluido
2025-07-17 01:17:13 [INFO] Configuración aplicada: 10 autos, tráfico fluido
2025-07-17 01:17:13 [INFO] Configuración actualizada: 10 autos, tráfico fluido
2025-07-17 01:17:13 [INFO] Configuración aplicada: 10 autos, tráfico fluido
2025-07-17 01:17:13 [INFO] Configuración actualizada: 10 autos, tráfico fluido
2025-07-17 01:17:13 [INFO] Configuración aplicada: 10 autos, tráfico fluido
2025-07-17 01:17:14 [INFO] Configuración actualizada: 10 autos, tráfico fluido
2025-07-17 01:17:14 [INFO] Configuración aplicada: 10 autos, tráfico fluido
2025-07-17 01:17:14 [INFO] Configuración actualizada: 10 autos, tráfico moderado
2025-07-17 01:17:14 [INFO] Configuración aplicada: 10 autos, tráfico moderado
2025-07-17 01:17:14 [INFO] Configuración actualizada: 10 autos, tráfico fluido
2025-07-17 01:17:14 [INFO] Configuración aplicada: 10 autos, tráfico fluido
2025-07-17 01:17:14 [INFO] Configuración actualizada: 10 autos, tráfico moderado
2025-07-17 01:17:14 [INFO] Configuración aplicada: 10 autos, tráfico moderado
2025-07-17 01:17:14 [INFO] Configuración actualizada: 10 autos, tráfico fluido
2025-07-17 01:17:14 [INFO] Configuración aplicada: 10 autos, tráfico fluido
2025-07-17 01:17:14 [INFO] Configuración actualizada: 10 autos, tráfico moderado
2025-07-17 01:17:14 [INFO] Configuración aplicada: 10 autos, tráfico moderado
2025-07-17 01:17:15 [INFO] Configuración actualizada: 10 autos, tráfico fluido
2025-07-17 01:17:15 [INFO] Configuración aplicada: 10 autos, tráfico fluido
2025-07-17 01:17:15 [INFO] Configuración actualizada: 10 autos, tráfico moderado
2025-07-17 01:17:15 [INFO] Configuración aplicada: 10 autos, tráfico moderado
2025-07-17 01:17:15 [INFO] Configuración actualizada: 10 autos, tráfico fluido
2025-07-17 01:17:15 [INFO] Configuración aplicada: 10 autos, tráfico fluido
2025-07-17 01:17:15 [INFO] Configuración actualizada: 10 autos, tráfico moderado
2025-07-17 01:17:15 [INFO] Configuración aplicada: 10 autos, tráfico moderado
2025-07-17 01:17:15 [INFO] Configuración actualizada: 10 autos, tráfico fluido
2025-07-17 01:17:15 [INFO] Configuración aplicada: 10 autos, tráfico fluido
2025-07-17 01:17:15 [INFO] Configuración actualizada: 10 autos, tráfico moderado
2025-07-17 01:17:15 [INFO] Configuración aplicada: 10 autos, tráfico moderado
2025-07-17 01:17:16 [INFO] Configuración actualizada: 10 autos, tráfico fluido
2025-07-17 01:17:16 [INFO] Configuración aplicada: 10 autos, tráfico fluido
2025-07-17 01:17:16 [INFO] Configuración actualizada: 10 autos, tráfico moderado
2025-07-17 01:17:16 [INFO] Configuración aplicada: 10 autos, tráfico moderado
2025-07-17 01:17:16 [INFO] Configuración actualizada: 10 autos, tráfico fluido
2025-07-17 01:17:16 [INFO] Configuración aplicada: 10 autos, tráfico fluido
2025-07-17 01:17:16 [INFO] Configuración actualizada: 10 autos, tráfico moderado
2025-07-17 01:17:16 [INFO] Configuración aplicada: 10 autos, tráfico moderado
2025-07-17 01:17:16 [INFO] Configuración actualizada: 10 autos, tráfico fluido
2025-07-17 01:17:16 [INFO] Configuración aplicada: 10 autos, tráfico fluido
2025-07-17 01:17:16 [INFO] Configuración actualizada: 10 autos, tráfico moderado
2025-07-17 01:17:16 [INFO] Configuración aplicada: 10 autos, tráfico moderado
2025-07-17 01:17:17 [INFO] Configuración actualizada: 10 autos, tráfico fluido
2025-07-17 01:17:17 [INFO] Configuración aplicada: 10 autos, tráfico fluido
2025-07-17 01:17:17 [INFO] Configuración actualizada: 10 autos, tráfico moderado
2025-07-17 01:17:17 [INFO] Configuración aplicada: 10 autos, tráfico moderado
2025-07-17 01:17:17 [INFO] Configuración actualizada: 10 autos, tráfico fluido
2025-07-17 01:17:17 [INFO] Configuración aplicada: 10 autos, tráfico fluido
2025-07-17 01:17:17 [INFO] Configuración actualizada: 10 autos, tráfico moderado
2025-07-17 01:17:17 [INFO] Configuración aplicada: 10 autos, tráfico moderado
2025-07-17 01:17:17 [INFO] Configuración actualizada: 10 autos, tráfico fluido
2025-07-17 01:17:17 [INFO] Configuración aplicada: 10 autos, tráfico fluido
2025-07-17 01:17:17 [INFO] Configuración actualizada: 10 autos, tráfico moderado
2025-07-17 01:17:17 [INFO] Configuración aplicada: 10 autos, tráfico moderado
2025-07-17 01:17:18 [INFO] Configuración actualizada: 10 autos, tráfico fluido
2025-07-17 01:17:18 [INFO] Configuración aplicada: 10 autos, tráfico fluido
2025-07-17 01:17:18 [INFO] Configuración actualizada: 10 autos, tráfico moderado
2025-07-17 01:17:18 [INFO] Configuración aplicada: 10 autos, tráfico moderado
2025-07-17 01:17:18 [INFO] Configuración actualizada: 10 autos, tráfico fluido
2025-07-17 01:17:18 [INFO] Configuración aplicada: 10 autos, tráfico fluido
2025-07-17 01:17:18 [INFO] Configuración actualizada: 10 autos, tráfico moderado
2025-07-17 01:17:18 [INFO] Configuración aplicada: 10 autos, tráfico moderado
2025-07-17 01:17:18 [INFO] Configuración actualizada: 10 autos, tráfico fluido
2025-07-17 01:17:18 [INFO] Configuración aplicada: 10 autos, tráfico fluido
2025-07-17 01:17:18 [INFO] Configuración actualizada: 10 autos, tráfico moderado
2025-07-17 01:17:18 [INFO] Configuración aplicada: 10 autos, tráfico moderado
2025-07-17 01:17:19 [INFO] Configuración actualizada: 10 autos, tráfico fluido
2025-07-17 01:17:19 [INFO] Configuración aplicada: 10 autos, tráfico fluido
2025-07-17 01:17:19 [INFO] Configuración actualizada: 10 autos, tráfico moderado
2025-07-17 01:17:19 [INFO] Configuración aplicada: 10 autos, tráfico moderado
2025-07-17 01:17:19 [INFO] Configuración actualizada: 10 autos, tráfico fluido
2025-07-17 01:17:19 [INFO] Configuración aplicada: 10 autos, tráfico fluido
2025-07-17 01:17:19 [INFO] Configuración actualizada: 10 autos, tráfico moderado
2025-07-17 01:17:19 [INFO] Configuración aplicada: 10 autos, tráfico moderado
2025-07-17 01:17:19 [INFO] Configuración actualizada: 10 autos, tráfico fluido
2025-07-17 01:17:19 [INFO] Configuración aplicada: 10 autos, tráfico fluido
2025-07-17 01:17:19 [INFO] Configuración actualizada: 10 autos, tráfico moderado
2025-07-17 01:17:19 [INFO] Configuración aplicada: 10 autos, tráfico moderado
2025-07-17 01:17:19 [INFO] Configuración actualizada: 10 autos, tráfico fluido
2025-07-17 01:17:19 [INFO] Configuración aplicada: 10 autos, tráfico fluido
2025-07-17 01:17:20 [INFO] Configuración actualizada: 10 autos, tráfico moderado
2025-07-17 01:17:20 [INFO] Configuración aplicada: 10 autos, tráfico moderado
2025-07-17 01:17:20 [INFO] Configuración actualizada: 10 autos, tráfico fluido
2025-07-17 01:17:20 [INFO] Configuración aplicada: 10 autos, tráfico fluido
2025-07-17 01:17:20 [INFO] Configuración actualizada: 10 autos, tráfico moderado
2025-07-17 01:17:20 [INFO] Configuración aplicada: 10 autos, tráfico moderado
2025-07-17 01:17:20 [INFO] Configuración actualizada: 10 autos, tráfico fluido
2025-07-17 01:17:20 [INFO] Configuración aplicada: 10 autos, tráfico fluido
